2025-08-07 18:20:16,156 [INFO] :rocket: Running Scrapy spider...
2025-08-07 18:20:21,838 [INFO] :white_check_mark: Scraping complete.
2025-08-07 18:20:21,838 [INFO] :inbox_tray: Appending JSON to CSV...
2025-08-07 18:20:21,945 [INFO] :white_check_mark: Append complete.
2025-08-07 18:20:21,946 [INFO] 

2025-08-08 12:16:09,955 [INFO] :rocket: Running Scrapy spider...
2025-08-08 12:16:17,864 [INFO] :white_check_mark: Scraping complete.
2025-08-08 12:16:17,865 [INFO] :inbox_tray: Appending JSON to CSV...
2025-08-08 12:16:18,001 [INFO] :white_check_mark: Append complete.
2025-08-08 12:16:18,002 [INFO] 

2025-08-11 09:53:08,742 [INFO] :rocket: Running Scrapy spider...
2025-08-11 09:53:13,709 [INFO] :white_check_mark: Scraping complete.
2025-08-11 09:53:13,709 [INFO] :inbox_tray: Appending JSON to CSV...
2025-08-11 09:53:13,782 [INFO] :white_check_mark: Append complete.
2025-08-11 09:53:13,782 [INFO] 

2025-08-12 05:31:42,411 [INFO] :rocket: Running Scrapy spider...
2025-08-12 05:31:45,305 [INFO] :white_check_mark: Scraping complete.
2025-08-12 05:31:45,306 [INFO] :inbox_tray: Appending JSON to CSV...
2025-08-12 05:31:45,335 [INFO] :white_check_mark: Append complete.
2025-08-12 05:31:45,335 [INFO] 

2025-08-12 06:07:49,557 [INFO] :rocket: Running Scrapy spider...
2025-08-12 06:07:53,602 [INFO] :white_check_mark: Scraping complete.
2025-08-12 06:07:53,603 [INFO] :inbox_tray: Appending JSON to CSV...
2025-08-12 06:07:53,633 [INFO] :white_check_mark: Append complete.
2025-08-12 06:07:53,633 [INFO] 

2025-08-13 04:41:00,357 [INFO] :rocket: Running Scrapy spider...
2025-08-13 04:41:06,673 [INFO] :white_check_mark: Scraping complete.
2025-08-13 04:41:06,673 [INFO] :inbox_tray: Appending JSON to CSV...
2025-08-13 04:41:06,703 [INFO] :white_check_mark: Append complete.
2025-08-13 04:41:06,703 [INFO] 

2025-08-13 05:50:37,109 [INFO] :rocket: Running Scrapy spider...
2025-08-13 05:50:39,912 [INFO] :white_check_mark: Scraping complete.
2025-08-13 05:50:39,912 [INFO] :inbox_tray: Appending JSON to CSV...
2025-08-13 05:50:39,942 [INFO] :white_check_mark: Append complete.
2025-08-13 05:50:39,942 [INFO] 

2025-08-14 05:49:17,129 [INFO] :rocket: Running Scrapy spider...
2025-08-14 05:49:20,491 [INFO] :white_check_mark: Scraping complete.
2025-08-14 05:49:20,491 [INFO] :inbox_tray: Appending JSON to CSV...
2025-08-14 05:49:20,522 [INFO] :white_check_mark: Append complete.
2025-08-14 05:49:20,522 [INFO] 

